[2015-04-14 00:51:38] production.ERROR: exception 'ErrorException' with message 'rmdir(/Applications/MAMP/htdocs/laravel/31/source/protected/app/views/customer): No such file or directory' in /Applications/MAMP/htdocs/laravel/31/source/protected/app/controllers/ModuleController.php:228
Stack trace:
#0 [internal function]: Illuminate\Exception\Handler->handleError(2, 'rmdir(/Applicat...', '/Applications/M...', 228, Array)
#1 /Applications/MAMP/htdocs/laravel/31/source/protected/app/controllers/ModuleController.php(228): rmdir('/Applications/M...')
#2 /Applications/MAMP/htdocs/laravel/31/source/protected/app/controllers/ModuleController.php(208): ModuleController->removeDir('/Applications/M...')
#3 [internal function]: ModuleController->getDestroy('26')
#4 /Applications/MAMP/htdocs/laravel/31/source/protected/vendor/laravel/framework/src/Illuminate/Routing/Controller.php(231): call_user_func_array(Array, Array)
#5 /Applications/MAMP/htdocs/laravel/31/source/protected/vendor/laravel/framework/src/Illuminate/Routing/ControllerDispatcher.php(93): Illuminate\Routing\Controller->callAction('getDestroy', Array)
#6 /Applications/MAMP/htdocs/laravel/31/source/protected/vendor/laravel/framework/src/Illuminate/Routing/ControllerDispatcher.php(62): Illuminate\Routing\ControllerDispatcher->call(Object(ModuleController), Object(Illuminate\Routing\Route), 'getDestroy')
#7 /Applications/MAMP/htdocs/laravel/31/source/protected/vendor/laravel/framework/src/Illuminate/Routing/Router.php(934): Illuminate\Routing\ControllerDispatcher->dispatch(Object(Illuminate\Routing\Route), Object(Illuminate\Http\Request), 'ModuleControlle...', 'getDestroy')
#8 [internal function]: Illuminate\Routing\Router->Illuminate\Routing\{closure}('26')
#9 /Applications/MAMP/htdocs/laravel/31/source/protected/vendor/laravel/framework/src/Illuminate/Routing/Route.php(104): call_user_func_array(Object(Closure), Array)
#10 /Applications/MAMP/htdocs/laravel/31/source/protected/vendor/laravel/framework/src/Illuminate/Routing/Router.php(1000): Illuminate\Routing\Route->run(Object(Illuminate\Http\Request))
#11 /Applications/MAMP/htdocs/laravel/31/source/protected/vendor/laravel/framework/src/Illuminate/Routing/Router.php(968): Illuminate\Routing\Router->dispatchToRoute(Object(Illuminate\Http\Request))
#12 /Applications/MAMP/htdocs/laravel/31/source/protected/vendor/laravel/framework/src/Illuminate/Foundation/Application.php(738): Illuminate\Routing\Router->dispatch(Object(Illuminate\Http\Request))
#13 /Applications/MAMP/htdocs/laravel/31/source/protected/vendor/laravel/framework/src/Illuminate/Foundation/Application.php(708): Illuminate\Foundation\Application->dispatch(Object(Illuminate\Http\Request))
#14 /Applications/MAMP/htdocs/laravel/31/source/protected/vendor/laravel/framework/src/Illuminate/Http/FrameGuard.php(38): Illuminate\Foundation\Application->handle(Object(Illuminate\Http\Request), 1, true)
#15 /Applications/MAMP/htdocs/laravel/31/source/protected/vendor/laravel/framework/src/Illuminate/Session/Middleware.php(72): Illuminate\Http\FrameGuard->handle(Object(Illuminate\Http\Request), 1, true)
#16 /Applications/MAMP/htdocs/laravel/31/source/protected/vendor/laravel/framework/src/Illuminate/Cookie/Queue.php(47): Illuminate\Session\Middleware->handle(Object(Illuminate\Http\Request), 1, true)
#17 /Applications/MAMP/htdocs/laravel/31/source/protected/vendor/laravel/framework/src/Illuminate/Cookie/Guard.php(51): Illuminate\Cookie\Queue->handle(Object(Illuminate\Http\Request), 1, true)
#18 /Applications/MAMP/htdocs/laravel/31/source/protected/vendor/stack/builder/src/Stack/StackedHttpKernel.php(23): Illuminate\Cookie\Guard->handle(Object(Illuminate\Http\Request), 1, true)
#19 /Applications/MAMP/htdocs/laravel/31/source/protected/vendor/laravel/framework/src/Illuminate/Foundation/Application.php(606): Stack\StackedHttpKernel->handle(Object(Illuminate\Http\Request))
#20 /Applications/MAMP/htdocs/laravel/31/source/index.php(50): Illuminate\Foundation\Application->run()
#21 {main} [] []
[2015-05-01 22:29:40] production.ERROR: exception 'PDOException' with message 'SQLSTATE[HY000] [1045] Access denied for user 'root'@'localhost' (using password: YES)' in /home/vagrant/sites/stage.grace.dev/protected/vendor/laravel/framework/src/Illuminate/Database/Connectors/Connector.php:47
Stack trace:
#0 /home/vagrant/sites/stage.grace.dev/protected/vendor/laravel/framework/src/Illuminate/Database/Connectors/Connector.php(47): PDO->__construct('mysql:host=loca...', 'root', 'root', Array)
#1 /home/vagrant/sites/stage.grace.dev/protected/vendor/laravel/framework/src/Illuminate/Database/Connectors/MySqlConnector.php(20): Illuminate\Database\Connectors\Connector->createConnection('mysql:host=loca...', Array, Array)
#2 /home/vagrant/sites/stage.grace.dev/protected/vendor/laravel/framework/src/Illuminate/Database/Connectors/ConnectionFactory.php(59): Illuminate\Database\Connectors\MySqlConnector->connect(Array)
#3 /home/vagrant/sites/stage.grace.dev/protected/vendor/laravel/framework/src/Illuminate/Database/Connectors/ConnectionFactory.php(47): Illuminate\Database\Connectors\ConnectionFactory->createSingleConnection(Array)
#4 /home/vagrant/sites/stage.grace.dev/protected/vendor/laravel/framework/src/Illuminate/Database/DatabaseManager.php(127): Illuminate\Database\Connectors\ConnectionFactory->make(Array, 'mysql')
#5 /home/vagrant/sites/stage.grace.dev/protected/vendor/laravel/framework/src/Illuminate/Database/DatabaseManager.php(63): Illuminate\Database\DatabaseManager->makeConnection('mysql')
#6 /home/vagrant/sites/stage.grace.dev/protected/vendor/laravel/framework/src/Illuminate/Database/DatabaseManager.php(243): Illuminate\Database\DatabaseManager->connection()
#7 /home/vagrant/sites/stage.grace.dev/protected/vendor/laravel/framework/src/Illuminate/Support/Facades/Facade.php(208): Illuminate\Database\DatabaseManager->__call('select', Array)
#8 /home/vagrant/sites/stage.grace.dev/protected/vendor/laravel/framework/src/Illuminate/Support/Facades/Facade.php(208): Illuminate\Database\DatabaseManager->select('\r\n\t\tSELECT \r\n\t\t...')
#9 /home/vagrant/sites/stage.grace.dev/protected/app/library/SiteHelpers.php(114): Illuminate\Support\Facades\Facade::__callStatic('select', Array)
#10 /home/vagrant/sites/stage.grace.dev/protected/app/library/SiteHelpers.php(114): Illuminate\Support\Facades\DB::select('\r\n\t\tSELECT \r\n\t\t...')
#11 /home/vagrant/sites/stage.grace.dev/protected/app/library/SiteHelpers.php(7): SiteHelpers::nestedMenu(0, 'top', '1')
#12 /home/vagrant/sites/stage.grace.dev/protected/app/controllers/BaseController.php(14): SiteHelpers::menus()
#13 /home/vagrant/sites/stage.grace.dev/protected/app/controllers/HomeController.php(20): BaseController->__construct()
#14 [internal function]: HomeController->__construct()
#15 /home/vagrant/sites/stage.grace.dev/protected/vendor/laravel/framework/src/Illuminate/Container/Container.php(536): ReflectionClass->newInstanceArgs(Array)
#16 /home/vagrant/sites/stage.grace.dev/protected/vendor/laravel/framework/src/Illuminate/Container/Container.php(425): Illuminate\Container\Container->build('HomeController', Array)
#17 /home/vagrant/sites/stage.grace.dev/protected/vendor/laravel/framework/src/Illuminate/Foundation/Application.php(463): Illuminate\Container\Container->make('HomeController', Array)
#18 /home/vagrant/sites/stage.grace.dev/protected/vendor/laravel/framework/src/Illuminate/Routing/ControllerDispatcher.php(78): Illuminate\Foundation\Application->make('HomeController')
#19 /home/vagrant/sites/stage.grace.dev/protected/vendor/laravel/framework/src/Illuminate/Routing/ControllerDispatcher.php(51): Illuminate\Routing\ControllerDispatcher->makeController('HomeController')
#20 /home/vagrant/sites/stage.grace.dev/protected/vendor/laravel/framework/src/Illuminate/Routing/Router.php(934): Illuminate\Routing\ControllerDispatcher->dispatch(Object(Illuminate\Routing\Route), Object(Illuminate\Http\Request), 'HomeController', 'index')
#21 [internal function]: Illuminate\Routing\Router->Illuminate\Routing\{closure}()
#22 /home/vagrant/sites/stage.grace.dev/protected/vendor/laravel/framework/src/Illuminate/Routing/Route.php(104): call_user_func_array(Object(Closure), Array)
#23 /home/vagrant/sites/stage.grace.dev/protected/vendor/laravel/framework/src/Illuminate/Routing/Router.php(1000): Illuminate\Routing\Route->run(Object(Illuminate\Http\Request))
#24 /home/vagrant/sites/stage.grace.dev/protected/vendor/laravel/framework/src/Illuminate/Routing/Router.php(968): Illuminate\Routing\Router->dispatchToRoute(Object(Illuminate\Http\Request))
#25 /home/vagrant/sites/stage.grace.dev/protected/vendor/laravel/framework/src/Illuminate/Foundation/Application.php(738): Illuminate\Routing\Router->dispatch(Object(Illuminate\Http\Request))
#26 /home/vagrant/sites/stage.grace.dev/protected/vendor/laravel/framework/src/Illuminate/Foundation/Application.php(708): Illuminate\Foundation\Application->dispatch(Object(Illuminate\Http\Request))
#27 /home/vagrant/sites/stage.grace.dev/protected/vendor/laravel/framework/src/Illuminate/Http/FrameGuard.php(38): Illuminate\Foundation\Application->handle(Object(Illuminate\Http\Request), 1, true)
#28 /home/vagrant/sites/stage.grace.dev/protected/vendor/laravel/framework/src/Illuminate/Session/Middleware.php(72): Illuminate\Http\FrameGuard->handle(Object(Illuminate\Http\Request), 1, true)
#29 /home/vagrant/sites/stage.grace.dev/protected/vendor/laravel/framework/src/Illuminate/Cookie/Queue.php(47): Illuminate\Session\Middleware->handle(Object(Illuminate\Http\Request), 1, true)
#30 /home/vagrant/sites/stage.grace.dev/protected/vendor/laravel/framework/src/Illuminate/Cookie/Guard.php(51): Illuminate\Cookie\Queue->handle(Object(Illuminate\Http\Request), 1, true)
#31 /home/vagrant/sites/stage.grace.dev/protected/vendor/stack/builder/src/Stack/StackedHttpKernel.php(23): Illuminate\Cookie\Guard->handle(Object(Illuminate\Http\Request), 1, true)
#32 /home/vagrant/sites/stage.grace.dev/protected/vendor/laravel/framework/src/Illuminate/Foundation/Application.php(606): Stack\StackedHttpKernel->handle(Object(Illuminate\Http\Request))
#33 /home/vagrant/sites/stage.grace.dev/index.php(50): Illuminate\Foundation\Application->run()
#34 {main} [] []
[2015-05-01 23:04:48] stage.ERROR: exception 'Symfony\Component\Debug\Exception\FatalErrorException' with message 'syntax error, unexpected ','' in /home/vagrant/sites/stage.grace.dev/protected/app/routes.php:51
Stack trace:
#0 [internal function]: Illuminate\Exception\Handler->handleShutdown()
#1 {main} [] []
[2015-05-01 23:05:25] stage.ERROR: exception 'Symfony\Component\Debug\Exception\FatalErrorException' with message 'syntax error, unexpected 'dd' (T_STRING)' in /home/vagrant/sites/stage.grace.dev/protected/app/routes.php:52
Stack trace:
#0 [internal function]: Illuminate\Exception\Handler->handleShutdown()
#1 {main} [] []
[2015-05-01 23:09:03] local.ERROR: exception 'PDOException' with message 'SQLSTATE[HY000] [1045] Access denied for user 'root'@'localhost' (using password: YES)' in /home/vagrant/sites/stage.grace.dev/protected/vendor/laravel/framework/src/Illuminate/Database/Connectors/Connector.php:47
Stack trace:
#0 /home/vagrant/sites/stage.grace.dev/protected/vendor/laravel/framework/src/Illuminate/Database/Connectors/Connector.php(47): PDO->__construct('mysql:host=loca...', 'root', 'root', Array)
#1 /home/vagrant/sites/stage.grace.dev/protected/vendor/laravel/framework/src/Illuminate/Database/Connectors/MySqlConnector.php(20): Illuminate\Database\Connectors\Connector->createConnection('mysql:host=loca...', Array, Array)
#2 /home/vagrant/sites/stage.grace.dev/protected/vendor/laravel/framework/src/Illuminate/Database/Connectors/ConnectionFactory.php(59): Illuminate\Database\Connectors\MySqlConnector->connect(Array)
#3 /home/vagrant/sites/stage.grace.dev/protected/vendor/laravel/framework/src/Illuminate/Database/Connectors/ConnectionFactory.php(47): Illuminate\Database\Connectors\ConnectionFactory->createSingleConnection(Array)
#4 /home/vagrant/sites/stage.grace.dev/protected/vendor/laravel/framework/src/Illuminate/Database/DatabaseManager.php(127): Illuminate\Database\Connectors\ConnectionFactory->make(Array, 'mysql')
#5 /home/vagrant/sites/stage.grace.dev/protected/vendor/laravel/framework/src/Illuminate/Database/DatabaseManager.php(63): Illuminate\Database\DatabaseManager->makeConnection('mysql')
#6 /home/vagrant/sites/stage.grace.dev/protected/vendor/laravel/framework/src/Illuminate/Database/DatabaseManager.php(243): Illuminate\Database\DatabaseManager->connection()
#7 /home/vagrant/sites/stage.grace.dev/protected/vendor/laravel/framework/src/Illuminate/Support/Facades/Facade.php(208): Illuminate\Database\DatabaseManager->__call('select', Array)
#8 /home/vagrant/sites/stage.grace.dev/protected/vendor/laravel/framework/src/Illuminate/Support/Facades/Facade.php(208): Illuminate\Database\DatabaseManager->select('\r\n\t\tSELECT \r\n\t\t...')
#9 /home/vagrant/sites/stage.grace.dev/protected/app/library/SiteHelpers.php(114): Illuminate\Support\Facades\Facade::__callStatic('select', Array)
#10 /home/vagrant/sites/stage.grace.dev/protected/app/library/SiteHelpers.php(114): Illuminate\Support\Facades\DB::select('\r\n\t\tSELECT \r\n\t\t...')
#11 /home/vagrant/sites/stage.grace.dev/protected/app/library/SiteHelpers.php(7): SiteHelpers::nestedMenu(0, 'top', '1')
#12 /home/vagrant/sites/stage.grace.dev/protected/app/controllers/BaseController.php(14): SiteHelpers::menus()
#13 /home/vagrant/sites/stage.grace.dev/protected/app/controllers/HomeController.php(20): BaseController->__construct()
#14 [internal function]: HomeController->__construct()
#15 /home/vagrant/sites/stage.grace.dev/protected/vendor/laravel/framework/src/Illuminate/Container/Container.php(536): ReflectionClass->newInstanceArgs(Array)
#16 /home/vagrant/sites/stage.grace.dev/protected/vendor/laravel/framework/src/Illuminate/Container/Container.php(425): Illuminate\Container\Container->build('HomeController', Array)
#17 /home/vagrant/sites/stage.grace.dev/protected/vendor/laravel/framework/src/Illuminate/Foundation/Application.php(463): Illuminate\Container\Container->make('HomeController', Array)
#18 /home/vagrant/sites/stage.grace.dev/protected/vendor/laravel/framework/src/Illuminate/Routing/ControllerDispatcher.php(78): Illuminate\Foundation\Application->make('HomeController')
#19 /home/vagrant/sites/stage.grace.dev/protected/vendor/laravel/framework/src/Illuminate/Routing/ControllerDispatcher.php(51): Illuminate\Routing\ControllerDispatcher->makeController('HomeController')
#20 /home/vagrant/sites/stage.grace.dev/protected/vendor/laravel/framework/src/Illuminate/Routing/Router.php(934): Illuminate\Routing\ControllerDispatcher->dispatch(Object(Illuminate\Routing\Route), Object(Illuminate\Http\Request), 'HomeController', 'index')
#21 [internal function]: Illuminate\Routing\Router->Illuminate\Routing\{closure}()
#22 /home/vagrant/sites/stage.grace.dev/protected/vendor/laravel/framework/src/Illuminate/Routing/Route.php(104): call_user_func_array(Object(Closure), Array)
#23 /home/vagrant/sites/stage.grace.dev/protected/vendor/laravel/framework/src/Illuminate/Routing/Router.php(1000): Illuminate\Routing\Route->run(Object(Illuminate\Http\Request))
#24 /home/vagrant/sites/stage.grace.dev/protected/vendor/laravel/framework/src/Illuminate/Routing/Router.php(968): Illuminate\Routing\Router->dispatchToRoute(Object(Illuminate\Http\Request))
#25 /home/vagrant/sites/stage.grace.dev/protected/vendor/laravel/framework/src/Illuminate/Foundation/Application.php(738): Illuminate\Routing\Router->dispatch(Object(Illuminate\Http\Request))
#26 /home/vagrant/sites/stage.grace.dev/protected/vendor/laravel/framework/src/Illuminate/Foundation/Application.php(708): Illuminate\Foundation\Application->dispatch(Object(Illuminate\Http\Request))
#27 /home/vagrant/sites/stage.grace.dev/protected/vendor/laravel/framework/src/Illuminate/Http/FrameGuard.php(38): Illuminate\Foundation\Application->handle(Object(Illuminate\Http\Request), 1, true)
#28 /home/vagrant/sites/stage.grace.dev/protected/vendor/laravel/framework/src/Illuminate/Session/Middleware.php(72): Illuminate\Http\FrameGuard->handle(Object(Illuminate\Http\Request), 1, true)
#29 /home/vagrant/sites/stage.grace.dev/protected/vendor/laravel/framework/src/Illuminate/Cookie/Queue.php(47): Illuminate\Session\Middleware->handle(Object(Illuminate\Http\Request), 1, true)
#30 /home/vagrant/sites/stage.grace.dev/protected/vendor/laravel/framework/src/Illuminate/Cookie/Guard.php(51): Illuminate\Cookie\Queue->handle(Object(Illuminate\Http\Request), 1, true)
#31 /home/vagrant/sites/stage.grace.dev/protected/vendor/stack/builder/src/Stack/StackedHttpKernel.php(23): Illuminate\Cookie\Guard->handle(Object(Illuminate\Http\Request), 1, true)
#32 /home/vagrant/sites/stage.grace.dev/protected/vendor/laravel/framework/src/Illuminate/Foundation/Application.php(606): Stack\StackedHttpKernel->handle(Object(Illuminate\Http\Request))
#33 /home/vagrant/sites/stage.grace.dev/index.php(50): Illuminate\Foundation\Application->run()
#34 {main} [] []
[2015-05-01 23:09:42] local.ERROR: exception 'PDOException' with message 'SQLSTATE[HY000] [1045] Access denied for user 'local_dev'@'localhost' (using password: YES)' in /home/vagrant/sites/stage.grace.dev/protected/vendor/laravel/framework/src/Illuminate/Database/Connectors/Connector.php:47
Stack trace:
#0 /home/vagrant/sites/stage.grace.dev/protected/vendor/laravel/framework/src/Illuminate/Database/Connectors/Connector.php(47): PDO->__construct('mysql:host=loca...', 'local_dev', 'local_dev2015', Array)
#1 /home/vagrant/sites/stage.grace.dev/protected/vendor/laravel/framework/src/Illuminate/Database/Connectors/MySqlConnector.php(20): Illuminate\Database\Connectors\Connector->createConnection('mysql:host=loca...', Array, Array)
#2 /home/vagrant/sites/stage.grace.dev/protected/vendor/laravel/framework/src/Illuminate/Database/Connectors/ConnectionFactory.php(59): Illuminate\Database\Connectors\MySqlConnector->connect(Array)
#3 /home/vagrant/sites/stage.grace.dev/protected/vendor/laravel/framework/src/Illuminate/Database/Connectors/ConnectionFactory.php(47): Illuminate\Database\Connectors\ConnectionFactory->createSingleConnection(Array)
#4 /home/vagrant/sites/stage.grace.dev/protected/vendor/laravel/framework/src/Illuminate/Database/DatabaseManager.php(127): Illuminate\Database\Connectors\ConnectionFactory->make(Array, 'mysql')
#5 /home/vagrant/sites/stage.grace.dev/protected/vendor/laravel/framework/src/Illuminate/Database/DatabaseManager.php(63): Illuminate\Database\DatabaseManager->makeConnection('mysql')
#6 /home/vagrant/sites/stage.grace.dev/protected/vendor/laravel/framework/src/Illuminate/Database/DatabaseManager.php(243): Illuminate\Database\DatabaseManager->connection()
#7 /home/vagrant/sites/stage.grace.dev/protected/vendor/laravel/framework/src/Illuminate/Support/Facades/Facade.php(208): Illuminate\Database\DatabaseManager->__call('select', Array)
#8 /home/vagrant/sites/stage.grace.dev/protected/vendor/laravel/framework/src/Illuminate/Support/Facades/Facade.php(208): Illuminate\Database\DatabaseManager->select('\r\n\t\tSELECT \r\n\t\t...')
#9 /home/vagrant/sites/stage.grace.dev/protected/app/library/SiteHelpers.php(114): Illuminate\Support\Facades\Facade::__callStatic('select', Array)
#10 /home/vagrant/sites/stage.grace.dev/protected/app/library/SiteHelpers.php(114): Illuminate\Support\Facades\DB::select('\r\n\t\tSELECT \r\n\t\t...')
#11 /home/vagrant/sites/stage.grace.dev/protected/app/library/SiteHelpers.php(7): SiteHelpers::nestedMenu(0, 'top', '1')
#12 /home/vagrant/sites/stage.grace.dev/protected/app/controllers/BaseController.php(14): SiteHelpers::menus()
#13 /home/vagrant/sites/stage.grace.dev/protected/app/controllers/HomeController.php(20): BaseController->__construct()
#14 [internal function]: HomeController->__construct()
#15 /home/vagrant/sites/stage.grace.dev/protected/vendor/laravel/framework/src/Illuminate/Container/Container.php(536): ReflectionClass->newInstanceArgs(Array)
#16 /home/vagrant/sites/stage.grace.dev/protected/vendor/laravel/framework/src/Illuminate/Container/Container.php(425): Illuminate\Container\Container->build('HomeController', Array)
#17 /home/vagrant/sites/stage.grace.dev/protected/vendor/laravel/framework/src/Illuminate/Foundation/Application.php(463): Illuminate\Container\Container->make('HomeController', Array)
#18 /home/vagrant/sites/stage.grace.dev/protected/vendor/laravel/framework/src/Illuminate/Routing/ControllerDispatcher.php(78): Illuminate\Foundation\Application->make('HomeController')
#19 /home/vagrant/sites/stage.grace.dev/protected/vendor/laravel/framework/src/Illuminate/Routing/ControllerDispatcher.php(51): Illuminate\Routing\ControllerDispatcher->makeController('HomeController')
#20 /home/vagrant/sites/stage.grace.dev/protected/vendor/laravel/framework/src/Illuminate/Routing/Router.php(934): Illuminate\Routing\ControllerDispatcher->dispatch(Object(Illuminate\Routing\Route), Object(Illuminate\Http\Request), 'HomeController', 'index')
#21 [internal function]: Illuminate\Routing\Router->Illuminate\Routing\{closure}()
#22 /home/vagrant/sites/stage.grace.dev/protected/vendor/laravel/framework/src/Illuminate/Routing/Route.php(104): call_user_func_array(Object(Closure), Array)
#23 /home/vagrant/sites/stage.grace.dev/protected/vendor/laravel/framework/src/Illuminate/Routing/Router.php(1000): Illuminate\Routing\Route->run(Object(Illuminate\Http\Request))
#24 /home/vagrant/sites/stage.grace.dev/protected/vendor/laravel/framework/src/Illuminate/Routing/Router.php(968): Illuminate\Routing\Router->dispatchToRoute(Object(Illuminate\Http\Request))
#25 /home/vagrant/sites/stage.grace.dev/protected/vendor/laravel/framework/src/Illuminate/Foundation/Application.php(738): Illuminate\Routing\Router->dispatch(Object(Illuminate\Http\Request))
#26 /home/vagrant/sites/stage.grace.dev/protected/vendor/laravel/framework/src/Illuminate/Foundation/Application.php(708): Illuminate\Foundation\Application->dispatch(Object(Illuminate\Http\Request))
#27 /home/vagrant/sites/stage.grace.dev/protected/vendor/laravel/framework/src/Illuminate/Http/FrameGuard.php(38): Illuminate\Foundation\Application->handle(Object(Illuminate\Http\Request), 1, true)
#28 /home/vagrant/sites/stage.grace.dev/protected/vendor/laravel/framework/src/Illuminate/Session/Middleware.php(72): Illuminate\Http\FrameGuard->handle(Object(Illuminate\Http\Request), 1, true)
#29 /home/vagrant/sites/stage.grace.dev/protected/vendor/laravel/framework/src/Illuminate/Cookie/Queue.php(47): Illuminate\Session\Middleware->handle(Object(Illuminate\Http\Request), 1, true)
#30 /home/vagrant/sites/stage.grace.dev/protected/vendor/laravel/framework/src/Illuminate/Cookie/Guard.php(51): Illuminate\Cookie\Queue->handle(Object(Illuminate\Http\Request), 1, true)
#31 /home/vagrant/sites/stage.grace.dev/protected/vendor/stack/builder/src/Stack/StackedHttpKernel.php(23): Illuminate\Cookie\Guard->handle(Object(Illuminate\Http\Request), 1, true)
#32 /home/vagrant/sites/stage.grace.dev/protected/vendor/laravel/framework/src/Illuminate/Foundation/Application.php(606): Stack\StackedHttpKernel->handle(Object(Illuminate\Http\Request))
#33 /home/vagrant/sites/stage.grace.dev/index.php(50): Illuminate\Foundation\Application->run()
#34 {main} [] []
[2015-05-01 23:10:00] local.ERROR: exception 'PDOException' with message 'SQLSTATE[HY000] [1045] Access denied for user 'local_dev'@'localhost' (using password: YES)' in /home/vagrant/sites/stage.grace.dev/protected/vendor/laravel/framework/src/Illuminate/Database/Connectors/Connector.php:47
Stack trace:
#0 /home/vagrant/sites/stage.grace.dev/protected/vendor/laravel/framework/src/Illuminate/Database/Connectors/Connector.php(47): PDO->__construct('mysql:host=loca...', 'local_dev', 'local_dev2015', Array)
#1 /home/vagrant/sites/stage.grace.dev/protected/vendor/laravel/framework/src/Illuminate/Database/Connectors/MySqlConnector.php(20): Illuminate\Database\Connectors\Connector->createConnection('mysql:host=loca...', Array, Array)
#2 /home/vagrant/sites/stage.grace.dev/protected/vendor/laravel/framework/src/Illuminate/Database/Connectors/ConnectionFactory.php(59): Illuminate\Database\Connectors\MySqlConnector->connect(Array)
#3 /home/vagrant/sites/stage.grace.dev/protected/vendor/laravel/framework/src/Illuminate/Database/Connectors/ConnectionFactory.php(47): Illuminate\Database\Connectors\ConnectionFactory->createSingleConnection(Array)
#4 /home/vagrant/sites/stage.grace.dev/protected/vendor/laravel/framework/src/Illuminate/Database/DatabaseManager.php(127): Illuminate\Database\Connectors\ConnectionFactory->make(Array, 'mysql')
#5 /home/vagrant/sites/stage.grace.dev/protected/vendor/laravel/framework/src/Illuminate/Database/DatabaseManager.php(63): Illuminate\Database\DatabaseManager->makeConnection('mysql')
#6 /home/vagrant/sites/stage.grace.dev/protected/vendor/laravel/framework/src/Illuminate/Database/DatabaseManager.php(243): Illuminate\Database\DatabaseManager->connection()
#7 /home/vagrant/sites/stage.grace.dev/protected/vendor/laravel/framework/src/Illuminate/Support/Facades/Facade.php(208): Illuminate\Database\DatabaseManager->__call('select', Array)
#8 /home/vagrant/sites/stage.grace.dev/protected/vendor/laravel/framework/src/Illuminate/Support/Facades/Facade.php(208): Illuminate\Database\DatabaseManager->select('\r\n\t\tSELECT \r\n\t\t...')
#9 /home/vagrant/sites/stage.grace.dev/protected/app/library/SiteHelpers.php(114): Illuminate\Support\Facades\Facade::__callStatic('select', Array)
#10 /home/vagrant/sites/stage.grace.dev/protected/app/library/SiteHelpers.php(114): Illuminate\Support\Facades\DB::select('\r\n\t\tSELECT \r\n\t\t...')
#11 /home/vagrant/sites/stage.grace.dev/protected/app/library/SiteHelpers.php(7): SiteHelpers::nestedMenu(0, 'top', '1')
#12 /home/vagrant/sites/stage.grace.dev/protected/app/controllers/BaseController.php(14): SiteHelpers::menus()
#13 /home/vagrant/sites/stage.grace.dev/protected/app/controllers/HomeController.php(20): BaseController->__construct()
#14 [internal function]: HomeController->__construct()
#15 /home/vagrant/sites/stage.grace.dev/protected/vendor/laravel/framework/src/Illuminate/Container/Container.php(536): ReflectionClass->newInstanceArgs(Array)
#16 /home/vagrant/sites/stage.grace.dev/protected/vendor/laravel/framework/src/Illuminate/Container/Container.php(425): Illuminate\Container\Container->build('HomeController', Array)
#17 /home/vagrant/sites/stage.grace.dev/protected/vendor/laravel/framework/src/Illuminate/Foundation/Application.php(463): Illuminate\Container\Container->make('HomeController', Array)
#18 /home/vagrant/sites/stage.grace.dev/protected/vendor/laravel/framework/src/Illuminate/Routing/ControllerDispatcher.php(78): Illuminate\Foundation\Application->make('HomeController')
#19 /home/vagrant/sites/stage.grace.dev/protected/vendor/laravel/framework/src/Illuminate/Routing/ControllerDispatcher.php(51): Illuminate\Routing\ControllerDispatcher->makeController('HomeController')
#20 /home/vagrant/sites/stage.grace.dev/protected/vendor/laravel/framework/src/Illuminate/Routing/Router.php(934): Illuminate\Routing\ControllerDispatcher->dispatch(Object(Illuminate\Routing\Route), Object(Illuminate\Http\Request), 'HomeController', 'index')
#21 [internal function]: Illuminate\Routing\Router->Illuminate\Routing\{closure}()
#22 /home/vagrant/sites/stage.grace.dev/protected/vendor/laravel/framework/src/Illuminate/Routing/Route.php(104): call_user_func_array(Object(Closure), Array)
#23 /home/vagrant/sites/stage.grace.dev/protected/vendor/laravel/framework/src/Illuminate/Routing/Router.php(1000): Illuminate\Routing\Route->run(Object(Illuminate\Http\Request))
#24 /home/vagrant/sites/stage.grace.dev/protected/vendor/laravel/framework/src/Illuminate/Routing/Router.php(968): Illuminate\Routing\Router->dispatchToRoute(Object(Illuminate\Http\Request))
#25 /home/vagrant/sites/stage.grace.dev/protected/vendor/laravel/framework/src/Illuminate/Foundation/Application.php(738): Illuminate\Routing\Router->dispatch(Object(Illuminate\Http\Request))
#26 /home/vagrant/sites/stage.grace.dev/protected/vendor/laravel/framework/src/Illuminate/Foundation/Application.php(708): Illuminate\Foundation\Application->dispatch(Object(Illuminate\Http\Request))
#27 /home/vagrant/sites/stage.grace.dev/protected/vendor/laravel/framework/src/Illuminate/Http/FrameGuard.php(38): Illuminate\Foundation\Application->handle(Object(Illuminate\Http\Request), 1, true)
#28 /home/vagrant/sites/stage.grace.dev/protected/vendor/laravel/framework/src/Illuminate/Session/Middleware.php(72): Illuminate\Http\FrameGuard->handle(Object(Illuminate\Http\Request), 1, true)
#29 /home/vagrant/sites/stage.grace.dev/protected/vendor/laravel/framework/src/Illuminate/Cookie/Queue.php(47): Illuminate\Session\Middleware->handle(Object(Illuminate\Http\Request), 1, true)
#30 /home/vagrant/sites/stage.grace.dev/protected/vendor/laravel/framework/src/Illuminate/Cookie/Guard.php(51): Illuminate\Cookie\Queue->handle(Object(Illuminate\Http\Request), 1, true)
#31 /home/vagrant/sites/stage.grace.dev/protected/vendor/stack/builder/src/Stack/StackedHttpKernel.php(23): Illuminate\Cookie\Guard->handle(Object(Illuminate\Http\Request), 1, true)
#32 /home/vagrant/sites/stage.grace.dev/protected/vendor/laravel/framework/src/Illuminate/Foundation/Application.php(606): Stack\StackedHttpKernel->handle(Object(Illuminate\Http\Request))
#33 /home/vagrant/sites/stage.grace.dev/index.php(50): Illuminate\Foundation\Application->run()
#34 {main} [] []
[2015-05-01 23:10:53] local.ERROR: exception 'PDOException' with message 'SQLSTATE[HY000] [1045] Access denied for user 'local_dev'@'localhost' (using password: YES)' in /home/vagrant/sites/stage.grace.dev/protected/vendor/laravel/framework/src/Illuminate/Database/Connectors/Connector.php:47
Stack trace:
#0 /home/vagrant/sites/stage.grace.dev/protected/vendor/laravel/framework/src/Illuminate/Database/Connectors/Connector.php(47): PDO->__construct('mysql:host=loca...', 'local_dev', 'local_dev2015', Array)
#1 /home/vagrant/sites/stage.grace.dev/protected/vendor/laravel/framework/src/Illuminate/Database/Connectors/MySqlConnector.php(20): Illuminate\Database\Connectors\Connector->createConnection('mysql:host=loca...', Array, Array)
#2 /home/vagrant/sites/stage.grace.dev/protected/vendor/laravel/framework/src/Illuminate/Database/Connectors/ConnectionFactory.php(59): Illuminate\Database\Connectors\MySqlConnector->connect(Array)
#3 /home/vagrant/sites/stage.grace.dev/protected/vendor/laravel/framework/src/Illuminate/Database/Connectors/ConnectionFactory.php(47): Illuminate\Database\Connectors\ConnectionFactory->createSingleConnection(Array)
#4 /home/vagrant/sites/stage.grace.dev/protected/vendor/laravel/framework/src/Illuminate/Database/DatabaseManager.php(127): Illuminate\Database\Connectors\ConnectionFactory->make(Array, 'mysql')
#5 /home/vagrant/sites/stage.grace.dev/protected/vendor/laravel/framework/src/Illuminate/Database/DatabaseManager.php(63): Illuminate\Database\DatabaseManager->makeConnection('mysql')
#6 /home/vagrant/sites/stage.grace.dev/protected/vendor/laravel/framework/src/Illuminate/Database/DatabaseManager.php(243): Illuminate\Database\DatabaseManager->connection()
#7 /home/vagrant/sites/stage.grace.dev/protected/vendor/laravel/framework/src/Illuminate/Support/Facades/Facade.php(208): Illuminate\Database\DatabaseManager->__call('select', Array)
#8 /home/vagrant/sites/stage.grace.dev/protected/vendor/laravel/framework/src/Illuminate/Support/Facades/Facade.php(208): Illuminate\Database\DatabaseManager->select('\r\n\t\tSELECT \r\n\t\t...')
#9 /home/vagrant/sites/stage.grace.dev/protected/app/library/SiteHelpers.php(114): Illuminate\Support\Facades\Facade::__callStatic('select', Array)
#10 /home/vagrant/sites/stage.grace.dev/protected/app/library/SiteHelpers.php(114): Illuminate\Support\Facades\DB::select('\r\n\t\tSELECT \r\n\t\t...')
#11 /home/vagrant/sites/stage.grace.dev/protected/app/library/SiteHelpers.php(7): SiteHelpers::nestedMenu(0, 'top', '1')
#12 /home/vagrant/sites/stage.grace.dev/protected/app/controllers/BaseController.php(14): SiteHelpers::menus()
#13 /home/vagrant/sites/stage.grace.dev/protected/app/controllers/HomeController.php(20): BaseController->__construct()
#14 [internal function]: HomeController->__construct()
#15 /home/vagrant/sites/stage.grace.dev/protected/vendor/laravel/framework/src/Illuminate/Container/Container.php(536): ReflectionClass->newInstanceArgs(Array)
#16 /home/vagrant/sites/stage.grace.dev/protected/vendor/laravel/framework/src/Illuminate/Container/Container.php(425): Illuminate\Container\Container->build('HomeController', Array)
#17 /home/vagrant/sites/stage.grace.dev/protected/vendor/laravel/framework/src/Illuminate/Foundation/Application.php(463): Illuminate\Container\Container->make('HomeController', Array)
#18 /home/vagrant/sites/stage.grace.dev/protected/vendor/laravel/framework/src/Illuminate/Routing/ControllerDispatcher.php(78): Illuminate\Foundation\Application->make('HomeController')
#19 /home/vagrant/sites/stage.grace.dev/protected/vendor/laravel/framework/src/Illuminate/Routing/ControllerDispatcher.php(51): Illuminate\Routing\ControllerDispatcher->makeController('HomeController')
#20 /home/vagrant/sites/stage.grace.dev/protected/vendor/laravel/framework/src/Illuminate/Routing/Router.php(934): Illuminate\Routing\ControllerDispatcher->dispatch(Object(Illuminate\Routing\Route), Object(Illuminate\Http\Request), 'HomeController', 'index')
#21 [internal function]: Illuminate\Routing\Router->Illuminate\Routing\{closure}()
#22 /home/vagrant/sites/stage.grace.dev/protected/vendor/laravel/framework/src/Illuminate/Routing/Route.php(104): call_user_func_array(Object(Closure), Array)
#23 /home/vagrant/sites/stage.grace.dev/protected/vendor/laravel/framework/src/Illuminate/Routing/Router.php(1000): Illuminate\Routing\Route->run(Object(Illuminate\Http\Request))
#24 /home/vagrant/sites/stage.grace.dev/protected/vendor/laravel/framework/src/Illuminate/Routing/Router.php(968): Illuminate\Routing\Router->dispatchToRoute(Object(Illuminate\Http\Request))
#25 /home/vagrant/sites/stage.grace.dev/protected/vendor/laravel/framework/src/Illuminate/Foundation/Application.php(738): Illuminate\Routing\Router->dispatch(Object(Illuminate\Http\Request))
#26 /home/vagrant/sites/stage.grace.dev/protected/vendor/laravel/framework/src/Illuminate/Foundation/Application.php(708): Illuminate\Foundation\Application->dispatch(Object(Illuminate\Http\Request))
#27 /home/vagrant/sites/stage.grace.dev/protected/vendor/laravel/framework/src/Illuminate/Http/FrameGuard.php(38): Illuminate\Foundation\Application->handle(Object(Illuminate\Http\Request), 1, true)
#28 /home/vagrant/sites/stage.grace.dev/protected/vendor/laravel/framework/src/Illuminate/Session/Middleware.php(72): Illuminate\Http\FrameGuard->handle(Object(Illuminate\Http\Request), 1, true)
#29 /home/vagrant/sites/stage.grace.dev/protected/vendor/laravel/framework/src/Illuminate/Cookie/Queue.php(47): Illuminate\Session\Middleware->handle(Object(Illuminate\Http\Request), 1, true)
#30 /home/vagrant/sites/stage.grace.dev/protected/vendor/laravel/framework/src/Illuminate/Cookie/Guard.php(51): Illuminate\Cookie\Queue->handle(Object(Illuminate\Http\Request), 1, true)
#31 /home/vagrant/sites/stage.grace.dev/protected/vendor/stack/builder/src/Stack/StackedHttpKernel.php(23): Illuminate\Cookie\Guard->handle(Object(Illuminate\Http\Request), 1, true)
#32 /home/vagrant/sites/stage.grace.dev/protected/vendor/laravel/framework/src/Illuminate/Foundation/Application.php(606): Stack\StackedHttpKernel->handle(Object(Illuminate\Http\Request))
#33 /home/vagrant/sites/stage.grace.dev/index.php(50): Illuminate\Foundation\Application->run()
#34 {main} [] []
[2015-05-01 23:12:49] local.ERROR: exception 'Illuminate\Database\QueryException' with message 'SQLSTATE[42S02]: Base table or view not found: 1146 Table 'dev_grace.tb_menu' doesn't exist (SQL: 
		SELECT 
			tb_menu.*
		FROM tb_menu WHERE parent_id ='0' AND active ='1'  AND position ='top'
		GROUP BY tb_menu.menu_id ORDER BY ordering			
		)' in /home/vagrant/sites/stage.grace.dev/protected/vendor/laravel/framework/src/Illuminate/Database/Connection.php:555
Stack trace:
#0 /home/vagrant/sites/stage.grace.dev/protected/vendor/laravel/framework/src/Illuminate/Database/Connection.php(283): Illuminate\Database\Connection->run('\r\n\t\tSELECT \r\n\t\t...', Array, Object(Closure))
#1 [internal function]: Illuminate\Database\Connection->select('\r\n\t\tSELECT \r\n\t\t...')
#2 /home/vagrant/sites/stage.grace.dev/protected/vendor/laravel/framework/src/Illuminate/Database/DatabaseManager.php(243): call_user_func_array(Array, Array)
#3 /home/vagrant/sites/stage.grace.dev/protected/vendor/laravel/framework/src/Illuminate/Support/Facades/Facade.php(208): Illuminate\Database\DatabaseManager->__call('select', Array)
#4 /home/vagrant/sites/stage.grace.dev/protected/vendor/laravel/framework/src/Illuminate/Support/Facades/Facade.php(208): Illuminate\Database\DatabaseManager->select('\r\n\t\tSELECT \r\n\t\t...')
#5 /home/vagrant/sites/stage.grace.dev/protected/app/library/SiteHelpers.php(114): Illuminate\Support\Facades\Facade::__callStatic('select', Array)
#6 /home/vagrant/sites/stage.grace.dev/protected/app/library/SiteHelpers.php(114): Illuminate\Support\Facades\DB::select('\r\n\t\tSELECT \r\n\t\t...')
#7 /home/vagrant/sites/stage.grace.dev/protected/app/library/SiteHelpers.php(7): SiteHelpers::nestedMenu(0, 'top', '1')
#8 /home/vagrant/sites/stage.grace.dev/protected/app/controllers/BaseController.php(14): SiteHelpers::menus()
#9 /home/vagrant/sites/stage.grace.dev/protected/app/controllers/HomeController.php(20): BaseController->__construct()
#10 [internal function]: HomeController->__construct()
#11 /home/vagrant/sites/stage.grace.dev/protected/vendor/laravel/framework/src/Illuminate/Container/Container.php(536): ReflectionClass->newInstanceArgs(Array)
#12 /home/vagrant/sites/stage.grace.dev/protected/vendor/laravel/framework/src/Illuminate/Container/Container.php(425): Illuminate\Container\Container->build('HomeController', Array)
#13 /home/vagrant/sites/stage.grace.dev/protected/vendor/laravel/framework/src/Illuminate/Foundation/Application.php(463): Illuminate\Container\Container->make('HomeController', Array)
#14 /home/vagrant/sites/stage.grace.dev/protected/vendor/laravel/framework/src/Illuminate/Routing/ControllerDispatcher.php(78): Illuminate\Foundation\Application->make('HomeController')
#15 /home/vagrant/sites/stage.grace.dev/protected/vendor/laravel/framework/src/Illuminate/Routing/ControllerDispatcher.php(51): Illuminate\Routing\ControllerDispatcher->makeController('HomeController')
#16 /home/vagrant/sites/stage.grace.dev/protected/vendor/laravel/framework/src/Illuminate/Routing/Router.php(934): Illuminate\Routing\ControllerDispatcher->dispatch(Object(Illuminate\Routing\Route), Object(Illuminate\Http\Request), 'HomeController', 'index')
#17 [internal function]: Illuminate\Routing\Router->Illuminate\Routing\{closure}()
#18 /home/vagrant/sites/stage.grace.dev/protected/vendor/laravel/framework/src/Illuminate/Routing/Route.php(104): call_user_func_array(Object(Closure), Array)
#19 /home/vagrant/sites/stage.grace.dev/protected/vendor/laravel/framework/src/Illuminate/Routing/Router.php(1000): Illuminate\Routing\Route->run(Object(Illuminate\Http\Request))
#20 /home/vagrant/sites/stage.grace.dev/protected/vendor/laravel/framework/src/Illuminate/Routing/Router.php(968): Illuminate\Routing\Router->dispatchToRoute(Object(Illuminate\Http\Request))
#21 /home/vagrant/sites/stage.grace.dev/protected/vendor/laravel/framework/src/Illuminate/Foundation/Application.php(738): Illuminate\Routing\Router->dispatch(Object(Illuminate\Http\Request))
#22 /home/vagrant/sites/stage.grace.dev/protected/vendor/laravel/framework/src/Illuminate/Foundation/Application.php(708): Illuminate\Foundation\Application->dispatch(Object(Illuminate\Http\Request))
#23 /home/vagrant/sites/stage.grace.dev/protected/vendor/laravel/framework/src/Illuminate/Http/FrameGuard.php(38): Illuminate\Foundation\Application->handle(Object(Illuminate\Http\Request), 1, true)
#24 /home/vagrant/sites/stage.grace.dev/protected/vendor/laravel/framework/src/Illuminate/Session/Middleware.php(72): Illuminate\Http\FrameGuard->handle(Object(Illuminate\Http\Request), 1, true)
#25 /home/vagrant/sites/stage.grace.dev/protected/vendor/laravel/framework/src/Illuminate/Cookie/Queue.php(47): Illuminate\Session\Middleware->handle(Object(Illuminate\Http\Request), 1, true)
#26 /home/vagrant/sites/stage.grace.dev/protected/vendor/laravel/framework/src/Illuminate/Cookie/Guard.php(51): Illuminate\Cookie\Queue->handle(Object(Illuminate\Http\Request), 1, true)
#27 /home/vagrant/sites/stage.grace.dev/protected/vendor/stack/builder/src/Stack/StackedHttpKernel.php(23): Illuminate\Cookie\Guard->handle(Object(Illuminate\Http\Request), 1, true)
#28 /home/vagrant/sites/stage.grace.dev/protected/vendor/laravel/framework/src/Illuminate/Foundation/Application.php(606): Stack\StackedHttpKernel->handle(Object(Illuminate\Http\Request))
#29 /home/vagrant/sites/stage.grace.dev/index.php(50): Illuminate\Foundation\Application->run()
#30 {main} [] []
